# Logfile created on 2019-07-23 01:04:55 -0400 by logger.rb/56815
I, [2019-07-23T01:04:55.252827 #83076]  INFO -- : 0:  rake (10.4.2) from /Users/brycesenz/.rbenv/versions/2.4.1/lib/ruby/gems/2.4.0/specifications/rake-10.4.2.gemspec
I, [2019-07-23T01:04:55.253099 #83076]  INFO -- : 0:  concurrent-ruby (1.0.5) from /Users/brycesenz/.rbenv/versions/2.4.1/lib/ruby/gems/2.4.0/specifications/concurrent-ruby-1.0.5.gemspec
I, [2019-07-23T01:04:55.253337 #83076]  INFO -- : 0:  i18n (0.9.0) from /Users/brycesenz/.rbenv/versions/2.4.1/lib/ruby/gems/2.4.0/specifications/i18n-0.9.0.gemspec
I, [2019-07-23T01:04:55.253564 #83076]  INFO -- : 0:  minitest (5.10.3) from /Users/brycesenz/.rbenv/versions/2.4.1/lib/ruby/gems/2.4.0/specifications/minitest-5.10.3.gemspec
I, [2019-07-23T01:04:55.253767 #83076]  INFO -- : 0:  thread_safe (0.3.6) from /Users/brycesenz/.rbenv/versions/2.4.1/lib/ruby/gems/2.4.0/specifications/thread_safe-0.3.6.gemspec
I, [2019-07-23T01:04:55.253995 #83076]  INFO -- : 0:  tzinfo (1.2.4) from /Users/brycesenz/.rbenv/versions/2.4.1/lib/ruby/gems/2.4.0/specifications/tzinfo-1.2.4.gemspec
I, [2019-07-23T01:04:55.254211 #83076]  INFO -- : 0:  activesupport (5.1.4) from /Users/brycesenz/.rbenv/versions/2.4.1/lib/ruby/gems/2.4.0/specifications/activesupport-5.1.4.gemspec
I, [2019-07-23T01:04:55.254435 #83076]  INFO -- : 0:  activemodel (5.1.4) from /Users/brycesenz/.rbenv/versions/2.4.1/lib/ruby/gems/2.4.0/specifications/activemodel-5.1.4.gemspec
I, [2019-07-23T01:04:55.254683 #83076]  INFO -- : 0:  bundler (1.5.0) from /Users/brycesenz/.rbenv/versions/2.4.1/lib/ruby/gems/2.4.0/specifications/bundler-1.5.0.gemspec
I, [2019-07-23T01:04:55.254903 #83076]  INFO -- : 0:  thor (0.20.0) from /Users/brycesenz/.rbenv/versions/2.4.1/lib/ruby/gems/2.4.0/specifications/thor-0.20.0.gemspec
I, [2019-07-23T01:04:55.255106 #83076]  INFO -- : 0:  appraisal (2.2.0) from /Users/brycesenz/.rbenv/versions/2.4.1/lib/ruby/gems/2.4.0/specifications/appraisal-2.2.0.gemspec
I, [2019-07-23T01:04:55.255294 #83076]  INFO -- : 0:  descendants_tracker (0.0.4) from /Users/brycesenz/.rbenv/versions/2.4.1/lib/ruby/gems/2.4.0/specifications/descendants_tracker-0.0.4.gemspec
I, [2019-07-23T01:04:55.255477 #83076]  INFO -- : 0:  ice_nine (0.11.2) from /Users/brycesenz/.rbenv/versions/2.4.1/lib/ruby/gems/2.4.0/specifications/ice_nine-0.11.2.gemspec
I, [2019-07-23T01:04:55.255661 #83076]  INFO -- : 0:  axiom-types (0.1.1) from /Users/brycesenz/.rbenv/versions/2.4.1/lib/ruby/gems/2.4.0/specifications/axiom-types-0.1.1.gemspec
I, [2019-07-23T01:04:55.255848 #83076]  INFO -- : 0:  coderay (1.1.0) from /Users/brycesenz/.rbenv/versions/2.4.1/lib/ruby/gems/2.4.0/specifications/coderay-1.1.0.gemspec
I, [2019-07-23T01:04:55.256053 #83076]  INFO -- : 0:  coercible (1.0.0) from /Users/brycesenz/.rbenv/versions/2.4.1/lib/ruby/gems/2.4.0/specifications/coercible-1.0.0.gemspec
I, [2019-07-23T01:04:55.256260 #83076]  INFO -- : 0:  diff-lcs (1.2.5) from /Users/brycesenz/.rbenv/versions/2.4.1/lib/ruby/gems/2.4.0/specifications/diff-lcs-1.2.5.gemspec
I, [2019-07-23T01:04:55.256437 #83076]  INFO -- : 0:  equalizer (0.0.11) from /Users/brycesenz/.rbenv/versions/2.4.1/lib/ruby/gems/2.4.0/specifications/equalizer-0.0.11.gemspec
I, [2019-07-23T01:04:55.256639 #83076]  INFO -- : 0:  method_source (0.8.2) from /Users/brycesenz/.rbenv/versions/2.4.1/lib/ruby/gems/2.4.0/specifications/method_source-0.8.2.gemspec
I, [2019-07-23T01:04:55.256841 #83076]  INFO -- : 0:  slop (3.6.0) from /Users/brycesenz/.rbenv/versions/2.4.1/lib/ruby/gems/2.4.0/specifications/slop-3.6.0.gemspec
I, [2019-07-23T01:04:55.257038 #83076]  INFO -- : 0:  pry (0.10.1) from /Users/brycesenz/.rbenv/versions/2.4.1/lib/ruby/gems/2.4.0/specifications/pry-0.10.1.gemspec
I, [2019-07-23T01:04:55.257239 #83076]  INFO -- : 0:  rspec-core (2.99.2) from /Users/brycesenz/.rbenv/versions/2.4.1/lib/ruby/gems/2.4.0/specifications/rspec-core-2.99.2.gemspec
I, [2019-07-23T01:04:55.257439 #83076]  INFO -- : 0:  rspec-expectations (2.99.2) from /Users/brycesenz/.rbenv/versions/2.4.1/lib/ruby/gems/2.4.0/specifications/rspec-expectations-2.99.2.gemspec
I, [2019-07-23T01:04:55.257631 #83076]  INFO -- : 0:  rspec-mocks (2.99.3) from /Users/brycesenz/.rbenv/versions/2.4.1/lib/ruby/gems/2.4.0/specifications/rspec-mocks-2.99.3.gemspec
I, [2019-07-23T01:04:55.257828 #83076]  INFO -- : 0:  rspec (2.99.0) from /Users/brycesenz/.rbenv/versions/2.4.1/lib/ruby/gems/2.4.0/specifications/rspec-2.99.0.gemspec
I, [2019-07-23T01:04:55.258027 #83076]  INFO -- : 0:  shoulda-matchers (3.1.2) from /Users/brycesenz/.rbenv/versions/2.4.1/lib/ruby/gems/2.4.0/specifications/shoulda-matchers-3.1.2.gemspec
I, [2019-07-23T01:04:55.258225 #83076]  INFO -- : 0:  virtus (1.0.5) from /Users/brycesenz/.rbenv/versions/2.4.1/lib/ruby/gems/2.4.0/specifications/virtus-1.0.5.gemspec
E, [2019-07-23T01:04:55.378885 #83076] ERROR -- : NoMethodError: undefined method `spec' for nil:NilClass
/Users/brycesenz/.rbenv/versions/2.4.1/lib/ruby/2.4.0/rubygems/installer.rb:262:in `spec'  \n/Users/brycesenz/.rbenv/versions/2.4.1/lib/ruby/gems/2.4.0/gems/bundler-1.5.0/lib/bundler/source/path/installer.rb:17:in `generate_bin'  \n/Users/brycesenz/.rbenv/versions/2.4.1/lib/ruby/gems/2.4.0/gems/bundler-1.5.0/lib/bundler/source/path.rb:176:in `generate_bin'  \n/Users/brycesenz/.rbenv/versions/2.4.1/lib/ruby/gems/2.4.0/gems/bundler-1.5.0/lib/bundler/source/path.rb:73:in `install'  \n/Users/brycesenz/.rbenv/versions/2.4.1/lib/ruby/gems/2.4.0/gems/bundler-1.5.0/lib/bundler/installer.rb:111:in `block in install_gem_from_spec'  \n/Users/brycesenz/.rbenv/versions/2.4.1/lib/ruby/gems/2.4.0/gems/bundler-1.5.0/lib/bundler/rubygems_integration.rb:150:in `with_build_args'  \n/Users/brycesenz/.rbenv/versions/2.4.1/lib/ruby/gems/2.4.0/gems/bundler-1.5.0/lib/bundler/installer.rb:110:in `install_gem_from_spec'  \n/Users/brycesenz/.rbenv/versions/2.4.1/lib/ruby/gems/2.4.0/gems/bundler-1.5.0/lib/bundler/installer.rb:295:in `block in install_sequentially'  \n/Users/brycesenz/.rbenv/versions/2.4.1/lib/ruby/2.4.0/forwardable.rb:229:in `each'  \n/Users/brycesenz/.rbenv/versions/2.4.1/lib/ruby/2.4.0/forwardable.rb:229:in `each'  \n/Users/brycesenz/.rbenv/versions/2.4.1/lib/ruby/gems/2.4.0/gems/bundler-1.5.0/lib/bundler/installer.rb:294:in `install_sequentially'  \n/Users/brycesenz/.rbenv/versions/2.4.1/lib/ruby/gems/2.4.0/gems/bundler-1.5.0/lib/bundler/installer.rb:97:in `run'  \n/Users/brycesenz/.rbenv/versions/2.4.1/lib/ruby/gems/2.4.0/gems/bundler-1.5.0/lib/bundler/installer.rb:15:in `install'  \n/usr/local/Cellar/rbenv/1.1.2/rbenv.d/exec/gem-rehash/rubygems_plugin.rb:27:in `install'  \n/Users/brycesenz/.rbenv/versions/2.4.1/lib/ruby/gems/2.4.0/gems/bundler-1.5.0/lib/bundler/cli.rb:257:in `install'  \n/Users/brycesenz/.rbenv/versions/2.4.1/lib/ruby/gems/2.4.0/gems/bundler-1.5.0/lib/bundler/vendor/thor/command.rb:27:in `run'  \n/Users/brycesenz/.rbenv/versions/2.4.1/lib/ruby/gems/2.4.0/gems/bundler-1.5.0/lib/bundler/vendor/thor/invocation.rb:120:in `invoke_command'  \n/Users/brycesenz/.rbenv/versions/2.4.1/lib/ruby/gems/2.4.0/gems/bundler-1.5.0/lib/bundler/vendor/thor.rb:363:in `dispatch'  \n/Users/brycesenz/.rbenv/versions/2.4.1/lib/ruby/gems/2.4.0/gems/bundler-1.5.0/lib/bundler/vendor/thor/base.rb:438:in `start'  \n/Users/brycesenz/.rbenv/versions/2.4.1/lib/ruby/gems/2.4.0/gems/bundler-1.5.0/lib/bundler/cli.rb:10:in `start'  \n/Users/brycesenz/.rbenv/versions/2.4.1/lib/ruby/gems/2.4.0/gems/bundler-1.5.0/bin/bundle:22:in `block in <top (required)>'  \n/Users/brycesenz/.rbenv/versions/2.4.1/lib/ruby/gems/2.4.0/gems/bundler-1.5.0/lib/bundler/friendly_errors.rb:5:in `with_friendly_errors'  \n/Users/brycesenz/.rbenv/versions/2.4.1/lib/ruby/gems/2.4.0/gems/bundler-1.5.0/bin/bundle:22:in `<top (required)>'  \n/Users/brycesenz/.rbenv/versions/2.4.1/bin/bundle:22:in `load'  \n/Users/brycesenz/.rbenv/versions/2.4.1/bin/bundle:22:in `<main>'
